TN:
SF:src/components/AddTask/AddTask.tsx
FN:4,AddTask
FN:8,handleSubmit
FN:21,onChange
FN:24,onKeyDown
FNF:4
FNH:4
FNDA:7,AddTask
FNDA:3,handleSubmit
FNDA:2,onChange
FNDA:1,onKeyDown
DA:1,1
DA:2,1
DA:4,1
DA:5,7
DA:6,7
DA:8,7
DA:9,3
DA:10,3
DA:11,2
DA:12,2
DA:13,2
DA:14,3
DA:16,7
DA:17,7
DA:18,7
DA:19,7
DA:20,7
DA:21,7
DA:22,7
DA:23,7
DA:24,7
DA:25,1
DA:26,1
DA:27,1
DA:28,1
DA:29,7
DA:30,7
DA:31,7
DA:33,7
LF:29
LH:29
BRDA:4,0,0,7
BRDA:8,1,0,3
BRDA:10,2,0,2
BRDA:21,3,0,2
BRDA:24,4,0,1
BRF:5
BRH:5
end_of_record
TN:
SF:src/components/CompletedTasks/CompletedTasks.tsx
FN:16,CompletedTasks
FN:20,handleDrop
FN:24,handleToggle
FN:34,drop
FN:52,onChange
FNF:5
FNH:3
FNDA:3,CompletedTasks
FNDA:0,handleDrop
FNDA:1,handleToggle
FNDA:0,drop
FNDA:1,onChange
DA:1,1
DA:2,1
DA:3,1
DA:4,1
DA:5,1
DA:7,1
DA:8,1
DA:9,1
DA:16,1
DA:17,3
DA:18,3
DA:20,3
DA:21,0
DA:22,0
DA:24,3
DA:25,1
DA:26,1
DA:27,1
DA:28,0
DA:29,0
DA:30,1
DA:32,3
DA:33,3
DA:34,3
DA:35,0
DA:36,0
DA:37,3
DA:39,3
DA:41,3
DA:42,3
DA:43,3
DA:44,3
DA:45,3
DA:46,3
DA:47,3
DA:48,3
DA:49,6
DA:50,6
DA:51,6
DA:52,6
DA:53,6
DA:54,6
DA:55,6
DA:56,6
DA:57,3
DA:58,3
DA:59,3
DA:61,3
LF:48
LH:42
BRDA:16,0,0,3
BRDA:24,1,0,1
BRDA:27,2,0,0
BRDA:47,3,0,6
BRDA:48,4,0,6
BRDA:52,5,0,1
BRF:6
BRH:5
end_of_record
TN:
SF:src/components/DraggableTask/DraggableTask.tsx
FN:15,DraggableTask
FN:21,collect
FN:28,drop
FNF:3
FNH:2
FNDA:6,DraggableTask
FNDA:0,collect
FNDA:2,drop
DA:1,1
DA:2,1
DA:5,1
DA:6,1
DA:7,1
DA:15,1
DA:16,6
DA:18,6
DA:19,6
DA:20,6
DA:21,6
DA:22,0
DA:23,0
DA:24,6
DA:26,6
DA:27,6
DA:28,6
DA:29,2
DA:30,1
DA:31,1
DA:32,2
DA:33,6
DA:35,6
DA:37,6
DA:38,6
DA:39,6
DA:40,6
DA:42,6
DA:43,6
DA:45,6
LF:30
LH:28
BRDA:15,0,0,6
BRDA:40,1,0,1
BRDA:40,2,0,5
BRDA:28,3,0,2
BRDA:29,4,0,1
BRF:5
BRH:5
end_of_record
TN:
SF:src/components/Navbar/Navbar.tsx
FN:4,Navbar
FNF:1
FNH:1
FNDA:2,Navbar
DA:2,1
DA:4,1
DA:5,2
DA:6,2
DA:7,2
DA:8,2
DA:9,2
DA:10,2
DA:11,2
DA:13,2
LF:10
LH:10
BRDA:4,0,0,2
BRF:1
BRH:1
end_of_record
TN:
SF:src/components/ToDoList/ToDoList.tsx
FN:15,ToDoList
FN:23,handleDrop
FN:27,handleCheckboxChange
FN:37,drop
FN:52,onChange
FNF:5
FNH:5
FNDA:6,ToDoList
FNDA:1,handleDrop
FNDA:1,handleCheckboxChange
FNDA:1,drop
FNDA:1,onChange
DA:1,1
DA:2,1
DA:3,1
DA:4,1
DA:5,1
DA:7,1
DA:8,1
DA:9,1
DA:15,1
DA:16,6
DA:17,6
DA:19,6
DA:20,6
DA:21,6
DA:23,6
DA:24,1
DA:25,1
DA:27,6
DA:28,1
DA:29,0
DA:30,1
DA:31,1
DA:32,1
DA:33,1
DA:35,6
DA:36,6
DA:37,6
DA:38,1
DA:39,1
DA:40,6
DA:42,6
DA:44,6
DA:45,6
DA:46,6
DA:47,6
DA:48,6
DA:49,12
DA:50,12
DA:51,12
DA:52,12
DA:53,12
DA:54,12
DA:55,12
DA:56,6
DA:57,6
DA:58,6
DA:60,6
LF:47
LH:46
BRDA:15,0,0,6
BRDA:19,1,0,6
BRDA:23,2,0,1
BRDA:27,3,0,1
BRDA:28,4,0,0
BRDA:37,5,0,1
BRDA:48,6,0,18
BRDA:48,7,0,12
BRDA:52,8,0,1
BRF:9
BRH:8
end_of_record
TN:
SF:src/components/icons/CheckLogo/CheckLogo.tsx
FN:3,CheckLogo
FNF:1
FNH:1
FNDA:5,CheckLogo
DA:3,1
DA:4,5
DA:5,5
DA:6,5
DA:7,5
DA:8,5
DA:9,5
DA:10,5
DA:11,5
DA:12,5
DA:13,5
DA:14,5
DA:15,5
DA:16,5
DA:17,5
DA:18,5
DA:19,5
DA:20,5
DA:21,5
DA:22,5
DA:24,5
LF:21
LH:21
BRDA:3,0,0,5
BRF:1
BRH:1
end_of_record
TN:
SF:src/components/ui/Checkbox/Checkbox.tsx
FN:9,Checkbox
FNF:1
FNH:1
FNDA:8,Checkbox
DA:9,1
DA:10,8
DA:11,8
DA:12,8
DA:13,8
DA:14,8
DA:15,8
DA:16,8
DA:17,8
DA:18,8
DA:19,8
DA:20,8
DA:21,8
DA:22,8
DA:23,2
DA:24,2
DA:25,2
DA:26,2
DA:27,2
DA:28,2
DA:29,2
DA:31,2
DA:32,2
DA:33,2
DA:34,2
DA:35,2
DA:36,2
DA:37,2
DA:38,2
DA:40,8
DA:41,8
DA:42,8
DA:43,8
DA:44,8
DA:45,8
DA:47,8
DA:48,8
DA:49,8
DA:51,8
LF:39
LH:39
BRDA:9,0,0,8
BRDA:19,1,0,2
BRDA:19,2,0,6
BRDA:22,3,0,2
BRDA:43,4,0,2
BRDA:43,5,0,6
BRF:6
BRH:6
end_of_record
TN:
SF:src/pages/Home/Home.tsx
FN:10,Home
FN:13,handleDrop
FN:29,onDrop
FN:30,onDrop
FNF:4
FNH:4
FNDA:3,Home
FNDA:2,handleDrop
FNDA:1,onDrop
FNDA:1,onDrop
DA:2,1
DA:3,1
DA:4,1
DA:5,1
DA:6,1
DA:7,1
DA:8,1
DA:10,1
DA:11,3
DA:13,3
DA:14,2
DA:15,1
DA:16,1
DA:17,1
DA:18,1
DA:19,2
DA:21,3
DA:22,3
DA:23,3
DA:24,3
DA:25,3
DA:26,3
DA:27,3
DA:28,3
DA:29,3
DA:30,3
DA:31,3
DA:32,3
DA:33,3
DA:34,3
DA:35,3
DA:37,3
LF:32
LH:32
BRDA:10,0,0,3
BRDA:13,1,0,2
BRDA:14,2,0,1
BRDA:14,3,0,1
BRDA:29,4,0,1
BRDA:30,5,0,1
BRF:6
BRH:6
end_of_record
TN:
SF:src/store/countStore.ts
FN:11,increment
FN:12,decrement
FNF:2
FNH:2
FNDA:1,increment
FNDA:1,decrement
DA:1,1
DA:9,1
DA:10,1
DA:11,1
DA:12,1
DA:13,1
LF:6
LH:6
BRDA:9,0,0,1
BRDA:11,1,0,1
BRDA:11,2,0,1
BRDA:12,3,0,1
BRDA:12,4,0,1
BRF:5
BRH:5
end_of_record
TN:
SF:src/store/todoStore.ts
FN:22,fetchTasks
FN:26,addTask
FN:34,markTaskComplete
FN:43,markTaskIncomplete
FNF:4
FNH:3
FNDA:0,fetchTasks
FNDA:2,addTask
FNDA:1,markTaskComplete
FNDA:1,markTaskIncomplete
DA:1,1
DA:2,1
DA:18,1
DA:20,1
DA:21,1
DA:22,1
DA:23,0
DA:24,0
DA:25,0
DA:26,1
DA:27,2
DA:28,2
DA:29,2
DA:30,2
DA:31,2
DA:32,2
DA:33,2
DA:34,1
DA:35,1
DA:36,1
DA:37,2
DA:38,1
DA:39,1
DA:40,1
DA:41,1
DA:42,1
DA:43,1
DA:44,1
DA:45,1
DA:46,2
DA:47,1
DA:48,1
DA:49,1
DA:50,1
DA:51,1
DA:52,1
LF:36
LH:33
BRDA:20,0,0,1
BRDA:26,1,0,2
BRDA:27,2,0,2
BRDA:34,3,0,1
BRDA:35,4,0,1
BRDA:36,5,0,2
BRDA:37,6,0,1
BRDA:37,7,0,1
BRDA:43,8,0,1
BRDA:44,9,0,1
BRDA:45,10,0,2
BRDA:46,11,0,1
BRDA:46,12,0,1
BRF:13
BRH:13
end_of_record
TN:
SF:src/utils/storage.ts
FN:1,loadFromStorage
FN:14,saveToStorage
FNF:2
FNH:2
FNDA:9,loadFromStorage
FNDA:7,saveToStorage
DA:1,1
DA:2,9
DA:3,9
DA:4,1
DA:5,1
DA:6,8
DA:7,8
DA:8,9
DA:9,1
DA:10,1
DA:11,1
DA:12,9
DA:14,1
DA:15,7
DA:16,7
DA:17,7
LF:16
LH:16
BRDA:1,0,0,9
BRDA:3,1,0,1
BRDA:5,2,0,8
BRDA:8,3,0,1
BRDA:14,4,0,7
BRDA:15,5,0,1
BRDA:15,6,0,6
BRF:7
BRH:7
end_of_record
